[debug] [2023-11-26T09:50:15.648Z] ----------------------------------------------------------------------
[debug] [2023-11-26T09:50:15.651Z] Command:       C:\Program Files\nodejs\node.exe C:\Users\kurni\AppData\Roaming\npm\node_modules\firebase-tools\lib\bin\firebase.js init
[debug] [2023-11-26T09:50:15.652Z] CLI Version:   12.9.1
[debug] [2023-11-26T09:50:15.652Z] Platform:      win32
[debug] [2023-11-26T09:50:15.652Z] Node Version:  v21.0.0
[debug] [2023-11-26T09:50:15.652Z] Time:          Sun Nov 26 2023 16:50:15 GMT+0700 (Western Indonesia Time)
[debug] [2023-11-26T09:50:15.652Z] ----------------------------------------------------------------------
[debug] 
[debug] [2023-11-26T09:50:15.656Z] >>> [apiv2][query] GET https://firebase-public.firebaseio.com/cli.json [none]
[debug] [2023-11-26T09:50:15.713Z] > command requires scopes: ["email","openid","https://www.googleapis.com/auth/cloudplatformprojects.readonly","https://www.googleapis.com/auth/firebase","https://www.googleapis.com/auth/cloud-platform"]
[debug] [2023-11-26T09:50:15.713Z] > authorizing via signed-in user (sweets.apel@googlemail.com)
[info] 
     ######## #### ########  ######## ########     ###     ######  ########
     ##        ##  ##     ## ##       ##     ##  ##   ##  ##       ##
     ######    ##  ########  ######   ########  #########  ######  ######
     ##        ##  ##    ##  ##       ##     ## ##     ##       ## ##
     ##       #### ##     ## ######## ########  ##     ##  ######  ########

You're about to initialize a Firebase project in this directory:

  E:\Projects\NextJS\next-firebase

[debug] [2023-11-26T09:50:16.699Z] <<< [apiv2][status] GET https://firebase-public.firebaseio.com/cli.json 200
[debug] [2023-11-26T09:50:16.699Z] <<< [apiv2][body] GET https://firebase-public.firebaseio.com/cli.json {"cloudBuildErrorAfter":1594252800000,"cloudBuildWarnAfter":1590019200000,"defaultNode10After":1594252800000,"minVersion":"3.0.5","node8DeploysDisabledAfter":1613390400000,"node8RuntimeDisabledAfter":1615809600000,"node8WarnAfter":1600128000000}
